<?xml version="1.0" encoding="UTF-8"?><testrun name="JunitTests" project="swimy" tests="13" started="13" failures="0" errors="1" ignored="0">
  <testsuite name="com.cassan.swimy.JunitTests" displayname="JunitTests" uniqueid="[engine:junit-jupiter]/[class:com.cassan.swimy.JunitTests]">
    <testsuite name="testFree(com.cassan.swimy.JunitTests)" incomplete="true" displayname="testFree(int, int, boolean)" parameters="int,int,boolean" uniqueid="[engine:junit-jupiter]/[class:com.cassan.swimy.JunitTests]/[test-template:testFree(int, int, boolean)]">
      <error>org.junit.platform.commons.PreconditionViolationException: Configuration error: You must configure at least one set of arguments for this @ParameterizedTest&#13;
	at org.junit.platform.commons.util.Preconditions.condition(Preconditions.java:299)&#13;
	at org.junit.jupiter.params.ParameterizedTestExtension.lambda$provideTestTemplateInvocationContexts$5(ParameterizedTestExtension.java:98)&#13;
	at java.base/java.util.stream.AbstractPipeline.close(AbstractPipeline.java:323)&#13;
	at java.base/java.util.stream.ReferencePipeline$7$1.accept(ReferencePipeline.java:283)&#13;
	at java.base/java.util.ArrayList$ArrayListSpliterator.forEachRemaining(ArrayList.java:1625)&#13;
	at java.base/java.util.stream.AbstractPipeline.copyInto(AbstractPipeline.java:509)&#13;
	at java.base/java.util.stream.AbstractPipeline.wrapAndCopyInto(AbstractPipeline.java:499)&#13;
	at java.base/java.util.stream.ForEachOps$ForEachOp.evaluateSequential(ForEachOps.java:150)&#13;
	at java.base/java.util.stream.ForEachOps$ForEachOp$OfRef.evaluateSequential(ForEachOps.java:173)&#13;
	at java.base/java.util.stream.AbstractPipeline.evaluate(AbstractPipeline.java:234)&#13;
	at java.base/java.util.stream.ReferencePipeline.forEach(ReferencePipeline.java:596)&#13;
	at org.junit.jupiter.engine.descriptor.TestTemplateTestDescriptor.execute(TestTemplateTestDescriptor.java:110)&#13;
	at org.junit.jupiter.engine.descriptor.TestTemplateTestDescriptor.execute(TestTemplateTestDescriptor.java:44)&#13;
	at org.junit.platform.engine.support.hierarchical.NodeTestTask.lambda$executeRecursively$6(NodeTestTask.java:151)&#13;
	at org.junit.platform.engine.support.hierarchical.ThrowableCollector.execute(ThrowableCollector.java:73)&#13;
	at org.junit.platform.engine.support.hierarchical.NodeTestTask.lambda$executeRecursively$8(NodeTestTask.java:141)&#13;
	at org.junit.platform.engine.support.hierarchical.Node.around(Node.java:137)&#13;
	at org.junit.platform.engine.support.hierarchical.NodeTestTask.lambda$executeRecursively$9(NodeTestTask.java:139)&#13;
	at org.junit.platform.engine.support.hierarchical.ThrowableCollector.execute(ThrowableCollector.java:73)&#13;
	at org.junit.platform.engine.support.hierarchical.NodeTestTask.executeRecursively(NodeTestTask.java:138)&#13;
	at org.junit.platform.engine.support.hierarchical.NodeTestTask.execute(NodeTestTask.java:95)&#13;
	at java.base/java.util.ArrayList.forEach(ArrayList.java:1511)&#13;
	at org.junit.platform.engine.support.hierarchical.SameThreadHierarchicalTestExecutorService.invokeAll(SameThreadHierarchicalTestExecutorService.java:41)&#13;
	at org.junit.platform.engine.support.hierarchical.NodeTestTask.lambda$executeRecursively$6(NodeTestTask.java:155)&#13;
	at org.junit.platform.engine.support.hierarchical.ThrowableCollector.execute(ThrowableCollector.java:73)&#13;
	at org.junit.platform.engine.support.hierarchical.NodeTestTask.lambda$executeRecursively$8(NodeTestTask.java:141)&#13;
	at org.junit.platform.engine.support.hierarchical.Node.around(Node.java:137)&#13;
	at org.junit.platform.engine.support.hierarchical.NodeTestTask.lambda$executeRecursively$9(NodeTestTask.java:139)&#13;
	at org.junit.platform.engine.support.hierarchical.ThrowableCollector.execute(ThrowableCollector.java:73)&#13;
	at org.junit.platform.engine.support.hierarchical.NodeTestTask.executeRecursively(NodeTestTask.java:138)&#13;
	at org.junit.platform.engine.support.hierarchical.NodeTestTask.execute(NodeTestTask.java:95)&#13;
	at java.base/java.util.ArrayList.forEach(ArrayList.java:1511)&#13;
	at org.junit.platform.engine.support.hierarchical.SameThreadHierarchicalTestExecutorService.invokeAll(SameThreadHierarchicalTestExecutorService.java:41)&#13;
	at org.junit.platform.engine.support.hierarchical.NodeTestTask.lambda$executeRecursively$6(NodeTestTask.java:155)&#13;
	at org.junit.platform.engine.support.hierarchical.ThrowableCollector.execute(ThrowableCollector.java:73)&#13;
	at org.junit.platform.engine.support.hierarchical.NodeTestTask.lambda$executeRecursively$8(NodeTestTask.java:141)&#13;
	at org.junit.platform.engine.support.hierarchical.Node.around(Node.java:137)&#13;
	at org.junit.platform.engine.support.hierarchical.NodeTestTask.lambda$executeRecursively$9(NodeTestTask.java:139)&#13;
	at org.junit.platform.engine.support.hierarchical.ThrowableCollector.execute(ThrowableCollector.java:73)&#13;
	at org.junit.platform.engine.support.hierarchical.NodeTestTask.executeRecursively(NodeTestTask.java:138)&#13;
	at org.junit.platform.engine.support.hierarchical.NodeTestTask.execute(NodeTestTask.java:95)&#13;
	at org.junit.platform.engine.support.hierarchical.SameThreadHierarchicalTestExecutorService.submit(SameThreadHierarchicalTestExecutorService.java:35)&#13;
	at org.junit.platform.engine.support.hierarchical.HierarchicalTestExecutor.execute(HierarchicalTestExecutor.java:57)&#13;
	at org.junit.platform.engine.support.hierarchical.HierarchicalTestEngine.execute(HierarchicalTestEngine.java:54)&#13;
	at org.junit.platform.launcher.core.EngineExecutionOrchestrator.execute(EngineExecutionOrchestrator.java:147)&#13;
	at org.junit.platform.launcher.core.EngineExecutionOrchestrator.execute(EngineExecutionOrchestrator.java:127)&#13;
	at org.junit.platform.launcher.core.EngineExecutionOrchestrator.execute(EngineExecutionOrchestrator.java:90)&#13;
	at org.junit.platform.launcher.core.EngineExecutionOrchestrator.lambda$execute$0(EngineExecutionOrchestrator.java:55)&#13;
	at org.junit.platform.launcher.core.EngineExecutionOrchestrator.withInterceptedStreams(EngineExecutionOrchestrator.java:102)&#13;
	at org.junit.platform.launcher.core.EngineExecutionOrchestrator.execute(EngineExecutionOrchestrator.java:54)&#13;
	at org.junit.platform.launcher.core.DefaultLauncher.execute(DefaultLauncher.java:114)&#13;
	at org.junit.platform.launcher.core.DefaultLauncher.execute(DefaultLauncher.java:95)&#13;
	at org.junit.platform.launcher.core.DefaultLauncherSession$DelegatingLauncher.execute(DefaultLauncherSession.java:91)&#13;
	at org.junit.platform.launcher.core.SessionPerRequestLauncher.execute(SessionPerRequestLauncher.java:60)&#13;
	at org.eclipse.jdt.internal.junit5.runner.JUnit5TestReference.run(JUnit5TestReference.java:98)&#13;
	at org.eclipse.jdt.internal.junit.runner.TestExecution.run(TestExecution.java:40)&#13;
	at org.eclipse.jdt.internal.junit.runner.RemoteTestRunner.runTests(RemoteTestRunner.java:529)&#13;
	at org.eclipse.jdt.internal.junit.runner.RemoteTestRunner.runTests(RemoteTestRunner.java:756)&#13;
	at org.eclipse.jdt.internal.junit.runner.RemoteTestRunner.run(RemoteTestRunner.java:452)&#13;
	at org.eclipse.jdt.internal.junit.runner.RemoteTestRunner.main(RemoteTestRunner.java:210)&#13;
&#13;
</error>
    </testsuite>
    <testsuite name="containsABC(com.cassan.swimy.JunitTests)" time="0.16" displayname="containsABC(String)" parameters="java.lang.String" uniqueid="[engine:junit-jupiter]/[class:com.cassan.swimy.JunitTests]/[test-template:containsABC(java.lang.String)]">
      <testcase name="containsABC" classname="com.cassan.swimy.JunitTests" time="0.16" dynamicTest="true" displayname="[1] A" parameters="java.lang.String" uniqueid="[engine:junit-jupiter]/[class:com.cassan.swimy.JunitTests]/[test-template:containsABC(java.lang.String)]/[test-template-invocation:#1]"/>
      <testcase name="containsABC" classname="com.cassan.swimy.JunitTests" time="0.001" dynamicTest="true" displayname="[2] B" parameters="java.lang.String" uniqueid="[engine:junit-jupiter]/[class:com.cassan.swimy.JunitTests]/[test-template:containsABC(java.lang.String)]/[test-template-invocation:#2]"/>
      <testcase name="containsABC" classname="com.cassan.swimy.JunitTests" time="0.002" dynamicTest="true" displayname="[3] C" parameters="java.lang.String" uniqueid="[engine:junit-jupiter]/[class:com.cassan.swimy.JunitTests]/[test-template:containsABC(java.lang.String)]/[test-template-invocation:#3]"/>
    </testsuite>
    <testsuite name="insertDummyData(com.cassan.swimy.JunitTests)" time="0.006" displayname="insertDummyData(int)" parameters="int" uniqueid="[engine:junit-jupiter]/[class:com.cassan.swimy.JunitTests]/[test-template:insertDummyData(int)]">
      <testcase name="insertDummyData" classname="com.cassan.swimy.JunitTests" time="0.006" dynamicTest="true" displayname="[1] 20" parameters="int" uniqueid="[engine:junit-jupiter]/[class:com.cassan.swimy.JunitTests]/[test-template:insertDummyData(int)]/[test-template-invocation:#1]"/>
    </testsuite>
    <testsuite name="isBlank_CheckedNullAndEmpty(com.cassan.swimy.JunitTests)" time="0.005" displayname="isBlank_CheckedNullAndEmpty(String)" parameters="java.lang.String" uniqueid="[engine:junit-jupiter]/[class:com.cassan.swimy.JunitTests]/[test-template:isBlank_CheckedNullAndEmpty(java.lang.String)]">
      <testcase name="isBlank_CheckedNullAndEmpty" classname="com.cassan.swimy.JunitTests" time="0.005" dynamicTest="true" displayname="[1]" parameters="java.lang.String" uniqueid="[engine:junit-jupiter]/[class:com.cassan.swimy.JunitTests]/[test-template:isBlank_CheckedNullAndEmpty(java.lang.String)]/[test-template-invocation:#1]"/>
      <testcase name="isBlank_CheckedNullAndEmpty" classname="com.cassan.swimy.JunitTests" time="0.0" dynamicTest="true" displayname="[2]" parameters="java.lang.String" uniqueid="[engine:junit-jupiter]/[class:com.cassan.swimy.JunitTests]/[test-template:isBlank_CheckedNullAndEmpty(java.lang.String)]/[test-template-invocation:#2]"/>
      <testcase name="isBlank_CheckedNullAndEmpty" classname="com.cassan.swimy.JunitTests" time="0.001" dynamicTest="true" displayname="[3]" parameters="java.lang.String" uniqueid="[engine:junit-jupiter]/[class:com.cassan.swimy.JunitTests]/[test-template:isBlank_CheckedNullAndEmpty(java.lang.String)]/[test-template-invocation:#3]"/>
    </testsuite>
    <testsuite name="isOdd_ShouldReturnTrueForOddNumbers(com.cassan.swimy.JunitTests)" time="0.002" displayname="isOdd_ShouldReturnTrueForOddNumbers(int)" parameters="int" uniqueid="[engine:junit-jupiter]/[class:com.cassan.swimy.JunitTests]/[test-template:isOdd_ShouldReturnTrueForOddNumbers(int)]">
      <testcase name="isOdd_ShouldReturnTrueForOddNumbers" classname="com.cassan.swimy.JunitTests" time="0.001" dynamicTest="true" displayname="[1] 1" parameters="int" uniqueid="[engine:junit-jupiter]/[class:com.cassan.swimy.JunitTests]/[test-template:isOdd_ShouldReturnTrueForOddNumbers(int)]/[test-template-invocation:#1]"/>
      <testcase name="isOdd_ShouldReturnTrueForOddNumbers" classname="com.cassan.swimy.JunitTests" time="0.002" dynamicTest="true" displayname="[2] 3" parameters="int" uniqueid="[engine:junit-jupiter]/[class:com.cassan.swimy.JunitTests]/[test-template:isOdd_ShouldReturnTrueForOddNumbers(int)]/[test-template-invocation:#2]"/>
      <testcase name="isOdd_ShouldReturnTrueForOddNumbers" classname="com.cassan.swimy.JunitTests" time="0.002" dynamicTest="true" displayname="[3] 5" parameters="int" uniqueid="[engine:junit-jupiter]/[class:com.cassan.swimy.JunitTests]/[test-template:isOdd_ShouldReturnTrueForOddNumbers(int)]/[test-template-invocation:#3]"/>
      <testcase name="isOdd_ShouldReturnTrueForOddNumbers" classname="com.cassan.swimy.JunitTests" time="0.001" dynamicTest="true" displayname="[4] -3" parameters="int" uniqueid="[engine:junit-jupiter]/[class:com.cassan.swimy.JunitTests]/[test-template:isOdd_ShouldReturnTrueForOddNumbers(int)]/[test-template-invocation:#4]"/>
      <testcase name="isOdd_ShouldReturnTrueForOddNumbers" classname="com.cassan.swimy.JunitTests" time="0.002" dynamicTest="true" displayname="[5] 15" parameters="int" uniqueid="[engine:junit-jupiter]/[class:com.cassan.swimy.JunitTests]/[test-template:isOdd_ShouldReturnTrueForOddNumbers(int)]/[test-template-invocation:#5]"/>
      <testcase name="isOdd_ShouldReturnTrueForOddNumbers" classname="com.cassan.swimy.JunitTests" time="0.002" dynamicTest="true" displayname="[6] 2147483647" parameters="int" uniqueid="[engine:junit-jupiter]/[class:com.cassan.swimy.JunitTests]/[test-template:isOdd_ShouldReturnTrueForOddNumbers(int)]/[test-template-invocation:#6]"/>
    </testsuite>
  </testsuite>
</testrun>
