<?xml version="1.0" encoding="UTF-8"?><testrun name="SwimyApplicationTests" project="swimy" tests="9" started="9" failures="0" errors="1" ignored="0">
  <testsuite name="com.cassan.swimy.SwimyApplicationTests" time="1.651" displayname="SwimyApplicationTests" uniqueid="[engine:junit-jupiter]/[class:com.cassan.swimy.SwimyApplicationTests]">
    <testsuite name="testJqa_findByIdEquals(com.cassan.swimy.SwimyApplicationTests)" time="1.225" displayname="testJqa_findByIdEquals(int)" parameters="int" uniqueid="[engine:junit-jupiter]/[class:com.cassan.swimy.SwimyApplicationTests]/[test-template:testJqa_findByIdEquals(int)]">
      <testcase name="testJqa_findByIdEquals" classname="com.cassan.swimy.SwimyApplicationTests" time="1.225" dynamicTest="true" displayname="[1] 1" parameters="int" uniqueid="[engine:junit-jupiter]/[class:com.cassan.swimy.SwimyApplicationTests]/[test-template:testJqa_findByIdEquals(int)]/[test-template-invocation:#1]"/>
      <testcase name="testJqa_findByIdEquals" classname="com.cassan.swimy.SwimyApplicationTests" time="0.025" dynamicTest="true" displayname="[2] 2" parameters="int" uniqueid="[engine:junit-jupiter]/[class:com.cassan.swimy.SwimyApplicationTests]/[test-template:testJqa_findByIdEquals(int)]/[test-template-invocation:#2]"/>
    </testsuite>
    <testsuite name="testJqa_findById(com.cassan.swimy.SwimyApplicationTests)" time="0.103" displayname="testJqa_findById(int)" parameters="int" uniqueid="[engine:junit-jupiter]/[class:com.cassan.swimy.SwimyApplicationTests]/[test-template:testJqa_findById(int)]">
      <testcase name="testJqa_findById" classname="com.cassan.swimy.SwimyApplicationTests" time="0.103" dynamicTest="true" displayname="[1] 1" parameters="int" uniqueid="[engine:junit-jupiter]/[class:com.cassan.swimy.SwimyApplicationTests]/[test-template:testJqa_findById(int)]/[test-template-invocation:#1]"/>
    </testsuite>
    <testsuite name="testJqa_findByIdIs(com.cassan.swimy.SwimyApplicationTests)" time="0.02" displayname="testJqa_findByIdIs(int)" parameters="int" uniqueid="[engine:junit-jupiter]/[class:com.cassan.swimy.SwimyApplicationTests]/[test-template:testJqa_findByIdIs(int)]">
      <testcase name="testJqa_findByIdIs" classname="com.cassan.swimy.SwimyApplicationTests" time="0.02" dynamicTest="true" displayname="[1] 1" parameters="int" uniqueid="[engine:junit-jupiter]/[class:com.cassan.swimy.SwimyApplicationTests]/[test-template:testJqa_findByIdIs(int)]/[test-template-invocation:#1]"/>
      <testcase name="testJqa_findByIdIs" classname="com.cassan.swimy.SwimyApplicationTests" time="0.024" dynamicTest="true" displayname="[2] 2" parameters="int" uniqueid="[engine:junit-jupiter]/[class:com.cassan.swimy.SwimyApplicationTests]/[test-template:testJqa_findByIdIs(int)]/[test-template-invocation:#2]"/>
    </testsuite>
    <testsuite name="testJqa_findByDeleteAt(com.cassan.swimy.SwimyApplicationTests)" time="0.03" displayname="testJqa_findByDeleteAt(boolean)" parameters="boolean" uniqueid="[engine:junit-jupiter]/[class:com.cassan.swimy.SwimyApplicationTests]/[test-template:testJqa_findByDeleteAt(boolean)]">
      <testcase name="testJqa_findByDeleteAt" classname="com.cassan.swimy.SwimyApplicationTests" time="0.03" dynamicTest="true" displayname="[1] true" parameters="boolean" uniqueid="[engine:junit-jupiter]/[class:com.cassan.swimy.SwimyApplicationTests]/[test-template:testJqa_findByDeleteAt(boolean)]/[test-template-invocation:#1]"/>
      <testcase name="testJqa_findByDeleteAt" classname="com.cassan.swimy.SwimyApplicationTests" time="0.048" dynamicTest="true" displayname="[2] false" parameters="boolean" uniqueid="[engine:junit-jupiter]/[class:com.cassan.swimy.SwimyApplicationTests]/[test-template:testJqa_findByDeleteAt(boolean)]/[test-template-invocation:#2]"/>
    </testsuite>
    <testcase name="testJpa_save" classname="com.cassan.swimy.SwimyApplicationTests" time="0.128" displayname="testJpa_save()" uniqueid="[engine:junit-jupiter]/[class:com.cassan.swimy.SwimyApplicationTests]/[method:testJpa_save()]"/>
    <testcase name="testJqa_findByIdAndDeleteAt" classname="com.cassan.swimy.SwimyApplicationTests" time="0.012" displayname="testJqa_findByIdAndDeleteAt(int, boolean)" parameters="int,boolean" uniqueid="[engine:junit-jupiter]/[class:com.cassan.swimy.SwimyApplicationTests]/[method:testJqa_findByIdAndDeleteAt(int, boolean)]">
      <error>org.junit.jupiter.api.extension.ParameterResolutionException: No ParameterResolver registered for parameter [int arg0] in method [void com.cassan.swimy.SwimyApplicationTests.testJqa_findByIdAndDeleteAt(int,boolean)].&#13;
	at org.junit.jupiter.engine.execution.ParameterResolutionUtils.resolveParameter(ParameterResolutionUtils.java:120)&#13;
	at org.junit.jupiter.engine.execution.ParameterResolutionUtils.resolveParameters(ParameterResolutionUtils.java:103)&#13;
	at org.junit.jupiter.engine.execution.ParameterResolutionUtils.resolveParameters(ParameterResolutionUtils.java:64)&#13;
	at org.junit.jupiter.engine.execution.InterceptingExecutableInvoker.invoke(InterceptingExecutableInvoker.java:84)&#13;
	at org.junit.jupiter.engine.descriptor.TestMethodTestDescriptor.lambda$invokeTestMethod$7(TestMethodTestDescriptor.java:217)&#13;
	at org.junit.platform.engine.support.hierarchical.ThrowableCollector.execute(ThrowableCollector.java:73)&#13;
	at org.junit.jupiter.engine.descriptor.TestMethodTestDescriptor.invokeTestMethod(TestMethodTestDescriptor.java:213)&#13;
	at org.junit.jupiter.engine.descriptor.TestMethodTestDescriptor.execute(TestMethodTestDescriptor.java:138)&#13;
	at org.junit.jupiter.engine.descriptor.TestMethodTestDescriptor.execute(TestMethodTestDescriptor.java:68)&#13;
	at org.junit.platform.engine.support.hierarchical.NodeTestTask.lambda$executeRecursively$6(NodeTestTask.java:151)&#13;
	at org.junit.platform.engine.support.hierarchical.ThrowableCollector.execute(ThrowableCollector.java:73)&#13;
	at org.junit.platform.engine.support.hierarchical.NodeTestTask.lambda$executeRecursively$8(NodeTestTask.java:141)&#13;
	at org.junit.platform.engine.support.hierarchical.Node.around(Node.java:137)&#13;
	at org.junit.platform.engine.support.hierarchical.NodeTestTask.lambda$executeRecursively$9(NodeTestTask.java:139)&#13;
	at org.junit.platform.engine.support.hierarchical.ThrowableCollector.execute(ThrowableCollector.java:73)&#13;
	at org.junit.platform.engine.support.hierarchical.NodeTestTask.executeRecursively(NodeTestTask.java:138)&#13;
	at org.junit.platform.engine.support.hierarchical.NodeTestTask.execute(NodeTestTask.java:95)&#13;
	at java.base/java.util.ArrayList.forEach(ArrayList.java:1511)&#13;
	at org.junit.platform.engine.support.hierarchical.SameThreadHierarchicalTestExecutorService.invokeAll(SameThreadHierarchicalTestExecutorService.java:41)&#13;
	at org.junit.platform.engine.support.hierarchical.NodeTestTask.lambda$executeRecursively$6(NodeTestTask.java:155)&#13;
	at org.junit.platform.engine.support.hierarchical.ThrowableCollector.execute(ThrowableCollector.java:73)&#13;
	at org.junit.platform.engine.support.hierarchical.NodeTestTask.lambda$executeRecursively$8(NodeTestTask.java:141)&#13;
	at org.junit.platform.engine.support.hierarchical.Node.around(Node.java:137)&#13;
	at org.junit.platform.engine.support.hierarchical.NodeTestTask.lambda$executeRecursively$9(NodeTestTask.java:139)&#13;
	at org.junit.platform.engine.support.hierarchical.ThrowableCollector.execute(ThrowableCollector.java:73)&#13;
	at org.junit.platform.engine.support.hierarchical.NodeTestTask.executeRecursively(NodeTestTask.java:138)&#13;
	at org.junit.platform.engine.support.hierarchical.NodeTestTask.execute(NodeTestTask.java:95)&#13;
	at java.base/java.util.ArrayList.forEach(ArrayList.java:1511)&#13;
	at org.junit.platform.engine.support.hierarchical.SameThreadHierarchicalTestExecutorService.invokeAll(SameThreadHierarchicalTestExecutorService.java:41)&#13;
	at org.junit.platform.engine.support.hierarchical.NodeTestTask.lambda$executeRecursively$6(NodeTestTask.java:155)&#13;
	at org.junit.platform.engine.support.hierarchical.ThrowableCollector.execute(ThrowableCollector.java:73)&#13;
	at org.junit.platform.engine.support.hierarchical.NodeTestTask.lambda$executeRecursively$8(NodeTestTask.java:141)&#13;
	at org.junit.platform.engine.support.hierarchical.Node.around(Node.java:137)&#13;
	at org.junit.platform.engine.support.hierarchical.NodeTestTask.lambda$executeRecursively$9(NodeTestTask.java:139)&#13;
	at org.junit.platform.engine.support.hierarchical.ThrowableCollector.execute(ThrowableCollector.java:73)&#13;
	at org.junit.platform.engine.support.hierarchical.NodeTestTask.executeRecursively(NodeTestTask.java:138)&#13;
	at org.junit.platform.engine.support.hierarchical.NodeTestTask.execute(NodeTestTask.java:95)&#13;
	at org.junit.platform.engine.support.hierarchical.SameThreadHierarchicalTestExecutorService.submit(SameThreadHierarchicalTestExecutorService.java:35)&#13;
	at org.junit.platform.engine.support.hierarchical.HierarchicalTestExecutor.execute(HierarchicalTestExecutor.java:57)&#13;
	at org.junit.platform.engine.support.hierarchical.HierarchicalTestEngine.execute(HierarchicalTestEngine.java:54)&#13;
	at org.junit.platform.launcher.core.EngineExecutionOrchestrator.execute(EngineExecutionOrchestrator.java:147)&#13;
	at org.junit.platform.launcher.core.EngineExecutionOrchestrator.execute(EngineExecutionOrchestrator.java:127)&#13;
	at org.junit.platform.launcher.core.EngineExecutionOrchestrator.execute(EngineExecutionOrchestrator.java:90)&#13;
	at org.junit.platform.launcher.core.EngineExecutionOrchestrator.lambda$execute$0(EngineExecutionOrchestrator.java:55)&#13;
	at org.junit.platform.launcher.core.EngineExecutionOrchestrator.withInterceptedStreams(EngineExecutionOrchestrator.java:102)&#13;
	at org.junit.platform.launcher.core.EngineExecutionOrchestrator.execute(EngineExecutionOrchestrator.java:54)&#13;
	at org.junit.platform.launcher.core.DefaultLauncher.execute(DefaultLauncher.java:114)&#13;
	at org.junit.platform.launcher.core.DefaultLauncher.execute(DefaultLauncher.java:95)&#13;
	at org.junit.platform.launcher.core.DefaultLauncherSession$DelegatingLauncher.execute(DefaultLauncherSession.java:91)&#13;
	at org.junit.platform.launcher.core.SessionPerRequestLauncher.execute(SessionPerRequestLauncher.java:60)&#13;
	at org.eclipse.jdt.internal.junit5.runner.JUnit5TestReference.run(JUnit5TestReference.java:98)&#13;
	at org.eclipse.jdt.internal.junit.runner.TestExecution.run(TestExecution.java:40)&#13;
	at org.eclipse.jdt.internal.junit.runner.RemoteTestRunner.runTests(RemoteTestRunner.java:529)&#13;
	at org.eclipse.jdt.internal.junit.runner.RemoteTestRunner.runTests(RemoteTestRunner.java:756)&#13;
	at org.eclipse.jdt.internal.junit.runner.RemoteTestRunner.run(RemoteTestRunner.java:452)&#13;
	at org.eclipse.jdt.internal.junit.runner.RemoteTestRunner.main(RemoteTestRunner.java:210)&#13;
&#13;
</error>
    </testcase>
  </testsuite>
</testrun>
