# JRE version: Java(TM) SE Runtime Environment (17.0.9+11) (build 17.0.9+11-LTS-201)
# Java VM: Java HotSpot(TM) 64-Bit Server VM (17.0.9+11-LTS-201, mixed mode, emulated-client, sharing, tiered, compressed oops, compressed class ptrs, g1 gc, windows-amd64)
GC Precious Log:
 CPUs: 4 total, 4 available
 Memory: 8108M
 Large Page Support: Disabled
 NUMA Support: Disabled
 Compressed Oops: Enabled (32-bit)
 Heap Region Size: 1M
 Heap Min Capacity: 8M
 Heap Initial Capacity: 128M
 Heap Max Capacity: 1G
 Pre-touch: Disabled
 Parallel Workers: 4
 Concurrent Workers: 1
 Concurrent Refinement Workers: 4
 Periodic GC: Disabled
Heap:
 garbage-first heap   total 75776K, used 37299K [0x00000000c0000000, 0x0000000100000000)
  region size 1024K, 2 young (2048K), 2 survivors (2048K)
 Metaspace       used 42134K, committed 42624K, reserved 1114112K
  class space    used 5498K, committed 5696K, reserved 1048576K
GC Heap History (20 events):
Event: 3.398 GC heap after
{Heap after GC invocations=4 (full 0):
 garbage-first heap   total 131072K, used 17331K [0x00000000c0000000, 0x0000000100000000)
  region size 1024K, 9 young (9216K), 9 survivors (9216K)
 Metaspace       used 20831K, committed 21056K, reserved 1114112K
  class space    used 2733K, committed 2816K, reserved 1048576K
}
Event: 3.501 GC heap before
{Heap before GC invocations=4 (full 0):
 garbage-first heap   total 131072K, used 19379K [0x00000000c0000000, 0x0000000100000000)
  region size 1024K, 12 young (12288K), 9 survivors (9216K)
 Metaspace       used 21235K, committed 21504K, reserved 1114112K
  class space    used 2787K, committed 2880K, reserved 1048576K
}
Event: 3.515 GC heap after
{Heap after GC invocations=5 (full 0):
 garbage-first heap   total 131072K, used 18051K [0x00000000c0000000, 0x0000000100000000)
  region size 1024K, 1 young (1024K), 1 survivors (1024K)
 Metaspace       used 21235K, committed 21504K, reserved 1114112K
  class space    used 2787K, committed 2880K, reserved 1048576K
}
Event: 4.967 GC heap before
{Heap before GC invocations=6 (full 0):
 garbage-first heap   total 65536K, used 52867K [0x00000000c0000000, 0x0000000100000000)
  region size 1024K, 37 young (37888K), 1 survivors (1024K)
 Metaspace       used 26968K, committed 27392K, reserved 1114112K
  class space    used 3645K, committed 3840K, reserved 1048576K
}
Event: 4.975 GC heap after
{Heap after GC invocations=7 (full 0):
 garbage-first heap   total 65536K, used 20831K [0x00000000c0000000, 0x0000000100000000)
  region size 1024K, 4 young (4096K), 4 survivors (4096K)
 Metaspace       used 26968K, committed 27392K, reserved 1114112K
  class space    used 3645K, committed 3840K, reserved 1048576K
}
Event: 5.857 GC heap before
{Heap before GC invocations=7 (full 0):
 garbage-first heap   total 65536K, used 45407K [0x00000000c0000000, 0x0000000100000000)
  region size 1024K, 28 young (28672K), 4 survivors (4096K)
 Metaspace       used 31032K, committed 31424K, reserved 1114112K
  class space    used 4314K, committed 4480K, reserved 1048576K
}
Event: 5.864 GC heap after
{Heap after GC invocations=8 (full 0):
 garbage-first heap   total 65536K, used 23028K [0x00000000c0000000, 0x0000000100000000)
  region size 1024K, 3 young (3072K), 3 survivors (3072K)
 Metaspace       used 31032K, committed 31424K, reserved 1114112K
  class space    used 4314K, committed 4480K, reserved 1048576K
}
Event: 6.384 GC heap before
{Heap before GC invocations=8 (full 0):
 garbage-first heap   total 65536K, used 45556K [0x00000000c0000000, 0x0000000100000000)
  region size 1024K, 26 young (26624K), 3 survivors (3072K)
 Metaspace       used 34433K, committed 34944K, reserved 1114112K
  class space    used 4612K, committed 4864K, reserved 1048576K
}
Event: 6.390 GC heap after
{Heap after GC invocations=9 (full 0):
 garbage-first heap   total 65536K, used 25219K [0x00000000c0000000, 0x0000000100000000)
  region size 1024K, 4 young (4096K), 4 survivors (4096K)
 Metaspace       used 34433K, committed 34944K, reserved 1114112K
  class space    used 4612K, committed 4864K, reserved 1048576K
}
Event: 6.630 GC heap before
{Heap before GC invocations=9 (full 0):
 garbage-first heap   total 65536K, used 46723K [0x00000000c0000000, 0x0000000100000000)
  region size 1024K, 21 young (21504K), 4 survivors (4096K)
 Metaspace       used 35550K, committed 35968K, reserved 1114112K
  class space    used 4694K, committed 4928K, reserved 1048576K
}
Event: 6.640 GC heap after
{Heap after GC invocations=10 (full 0):
 garbage-first heap   total 65536K, used 33384K [0x00000000c0000000, 0x0000000100000000)
  region size 1024K, 4 young (4096K), 4 survivors (4096K)
 Metaspace       used 35550K, committed 35968K, reserved 1114112K
  class space    used 4694K, committed 4928K, reserved 1048576K
}
Event: 7.033 GC heap before
{Heap before GC invocations=11 (full 0):
 garbage-first heap   total 65536K, used 45672K [0x00000000c0000000, 0x0000000100000000)
  region size 1024K, 17 young (17408K), 4 survivors (4096K)
 Metaspace       used 37199K, committed 37632K, reserved 1114112K
  class space    used 4855K, committed 5056K, reserved 1048576K
}
Event: 7.038 GC heap after
{Heap after GC invocations=12 (full 0):
 garbage-first heap   total 65536K, used 34533K [0x00000000c0000000, 0x0000000100000000)
  region size 1024K, 2 young (2048K), 2 survivors (2048K)
 Metaspace       used 37199K, committed 37632K, reserved 1114112K
  class space    used 4855K, committed 5056K, reserved 1048576K
}
Event: 7.405 GC heap before
{Heap before GC invocations=12 (full 0):
 garbage-first heap   total 65536K, used 46821K [0x00000000c0000000, 0x0000000100000000)
  region size 1024K, 15 young (15360K), 2 survivors (2048K)
 Metaspace       used 39464K, committed 39936K, reserved 1114112K
  class space    used 5180K, committed 5376K, reserved 1048576K
}
Event: 7.409 GC heap after
{Heap after GC invocations=13 (full 0):
 garbage-first heap   total 65536K, used 35459K [0x00000000c0000000, 0x0000000100000000)
  region size 1024K, 1 young (1024K), 1 survivors (1024K)
 Metaspace       used 39464K, committed 39936K, reserved 1114112K
  class space    used 5180K, committed 5376K, reserved 1048576K
}
Event: 7.653 GC heap before
{Heap before GC invocations=14 (full 0):
 garbage-first heap   total 75776K, used 48771K [0x00000000c0000000, 0x0000000100000000)
  region size 1024K, 15 young (15360K), 1 survivors (1024K)
 Metaspace       used 40400K, committed 40896K, reserved 1114112K
  class space    used 5283K, committed 5504K, reserved 1048576K
}
Event: 7.657 GC heap after
{Heap after GC invocations=15 (full 0):
 garbage-first heap   total 75776K, used 36726K [0x00000000c0000000, 0x0000000100000000)
  region size 1024K, 2 young (2048K), 2 survivors (2048K)
 Metaspace       used 40400K, committed 40896K, reserved 1114112K
  class space    used 5283K, committed 5504K, reserved 1048576K
}
Event: 7.682 GC heap before
{Heap before GC invocations=15 (full 0):
 garbage-first heap   total 75776K, used 37750K [0x00000000c0000000, 0x0000000100000000)
  region size 1024K, 3 young (3072K), 2 survivors (2048K)
 Metaspace       used 40620K, committed 41088K, reserved 1114112K
  class space    used 5308K, committed 5504K, reserved 1048576K
}
Event: 7.685 GC heap after
{Heap after GC invocations=16 (full 0):
 garbage-first heap   total 75776K, used 36415K [0x00000000c0000000, 0x0000000100000000)
  region size 1024K, 1 young (1024K), 1 survivors (1024K)
 Metaspace       used 40620K, committed 41088K, reserved 1114112K
  class space    used 5308K, committed 5504K, reserved 1048576K
}
Event: 12.792 GC heap before
{Heap before GC invocations=16 (full 0):
 garbage-first heap   total 75776K, used 57919K [0x00000000c0000000, 0x0000000100000000)
  region size 1024K, 22 young (22528K), 1 survivors (1024K)
 Metaspace       used 42134K, committed 42624K, reserved 1114112K
  class space    used 5498K, committed 5696K, reserved 1048576K
}

