# JRE version: Java(TM) SE Runtime Environment (17.0.9+11) (build 17.0.9+11-LTS-201)
# Java VM: Java HotSpot(TM) 64-Bit Server VM (17.0.9+11-LTS-201, mixed mode, emulated-client, sharing, tiered, compressed oops, compressed class ptrs, g1 gc, windows-amd64)
GC Precious Log:
 CPUs: 4 total, 4 available
 Memory: 8108M
 Large Page Support: Disabled
 NUMA Support: Disabled
 Compressed Oops: Enabled (32-bit)
 Heap Region Size: 1M
 Heap Min Capacity: 8M
 Heap Initial Capacity: 128M
 Heap Max Capacity: 1G
 Pre-touch: Disabled
 Parallel Workers: 4
 Concurrent Workers: 1
 Concurrent Refinement Workers: 4
 Periodic GC: Disabled
Heap:
 garbage-first heap   total 102400K, used 31226K [0x00000000c0000000, 0x0000000100000000)
  region size 1024K, 1 young (1024K), 0 survivors (0K)
 Metaspace       used 49992K, committed 50432K, reserved 1114112K
  class space    used 6471K, committed 6656K, reserved 1048576K
GC Heap History (20 events):
Event: 25915.516 GC heap before
{Heap before GC invocations=1152 (full 1101):
 garbage-first heap   total 102400K, used 31226K [0x00000000c0000000, 0x0000000100000000)
  region size 1024K, 1 young (1024K), 0 survivors (0K)
 Metaspace       used 49992K, committed 50432K, reserved 1114112K
  class space    used 6471K, committed 6656K, reserved 1048576K
}
Event: 25915.561 GC heap after
{Heap after GC invocations=1153 (full 1102):
 garbage-first heap   total 102400K, used 31226K [0x00000000c0000000, 0x0000000100000000)
  region size 1024K, 0 young (0K), 0 survivors (0K)
 Metaspace       used 49992K, committed 50432K, reserved 1114112K
  class space    used 6471K, committed 6656K, reserved 1048576K
}
Event: 25925.691 GC heap before
{Heap before GC invocations=1153 (full 1102):
 garbage-first heap   total 102400K, used 31226K [0x00000000c0000000, 0x0000000100000000)
  region size 1024K, 1 young (1024K), 0 survivors (0K)
 Metaspace       used 49992K, committed 50432K, reserved 1114112K
  class space    used 6471K, committed 6656K, reserved 1048576K
}
Event: 25925.740 GC heap after
{Heap after GC invocations=1154 (full 1103):
 garbage-first heap   total 102400K, used 31226K [0x00000000c0000000, 0x0000000100000000)
  region size 1024K, 0 young (0K), 0 survivors (0K)
 Metaspace       used 49992K, committed 50432K, reserved 1114112K
  class space    used 6471K, committed 6656K, reserved 1048576K
}
Event: 25935.870 GC heap before
{Heap before GC invocations=1154 (full 1103):
 garbage-first heap   total 102400K, used 31226K [0x00000000c0000000, 0x0000000100000000)
  region size 1024K, 1 young (1024K), 0 survivors (0K)
 Metaspace       used 49992K, committed 50432K, reserved 1114112K
  class space    used 6471K, committed 6656K, reserved 1048576K
}
Event: 25935.918 GC heap after
{Heap after GC invocations=1155 (full 1104):
 garbage-first heap   total 102400K, used 31226K [0x00000000c0000000, 0x0000000100000000)
  region size 1024K, 0 young (0K), 0 survivors (0K)
 Metaspace       used 49992K, committed 50432K, reserved 1114112K
  class space    used 6471K, committed 6656K, reserved 1048576K
}
Event: 25946.090 GC heap before
{Heap before GC invocations=1155 (full 1104):
 garbage-first heap   total 102400K, used 31226K [0x00000000c0000000, 0x0000000100000000)
  region size 1024K, 1 young (1024K), 0 survivors (0K)
 Metaspace       used 49992K, committed 50432K, reserved 1114112K
  class space    used 6471K, committed 6656K, reserved 1048576K
}
Event: 25946.134 GC heap after
{Heap after GC invocations=1156 (full 1105):
 garbage-first heap   total 102400K, used 31226K [0x00000000c0000000, 0x0000000100000000)
  region size 1024K, 0 young (0K), 0 survivors (0K)
 Metaspace       used 49992K, committed 50432K, reserved 1114112K
  class space    used 6471K, committed 6656K, reserved 1048576K
}
Event: 25956.282 GC heap before
{Heap before GC invocations=1156 (full 1105):
 garbage-first heap   total 102400K, used 31226K [0x00000000c0000000, 0x0000000100000000)
  region size 1024K, 1 young (1024K), 0 survivors (0K)
 Metaspace       used 49992K, committed 50432K, reserved 1114112K
  class space    used 6471K, committed 6656K, reserved 1048576K
}
Event: 25956.333 GC heap after
{Heap after GC invocations=1157 (full 1106):
 garbage-first heap   total 102400K, used 31226K [0x00000000c0000000, 0x0000000100000000)
  region size 1024K, 0 young (0K), 0 survivors (0K)
 Metaspace       used 49992K, committed 50432K, reserved 1114112K
  class space    used 6471K, committed 6656K, reserved 1048576K
}
Event: 25966.513 GC heap before
{Heap before GC invocations=1157 (full 1106):
 garbage-first heap   total 102400K, used 31226K [0x00000000c0000000, 0x0000000100000000)
  region size 1024K, 1 young (1024K), 0 survivors (0K)
 Metaspace       used 49992K, committed 50432K, reserved 1114112K
  class space    used 6471K, committed 6656K, reserved 1048576K
}
Event: 25966.585 GC heap after
{Heap after GC invocations=1158 (full 1107):
 garbage-first heap   total 102400K, used 31226K [0x00000000c0000000, 0x0000000100000000)
  region size 1024K, 0 young (0K), 0 survivors (0K)
 Metaspace       used 49992K, committed 50432K, reserved 1114112K
  class space    used 6471K, committed 6656K, reserved 1048576K
}
Event: 25976.732 GC heap before
{Heap before GC invocations=1158 (full 1107):
 garbage-first heap   total 102400K, used 31226K [0x00000000c0000000, 0x0000000100000000)
  region size 1024K, 1 young (1024K), 0 survivors (0K)
 Metaspace       used 49992K, committed 50432K, reserved 1114112K
  class space    used 6471K, committed 6656K, reserved 1048576K
}
Event: 25976.775 GC heap after
{Heap after GC invocations=1159 (full 1108):
 garbage-first heap   total 102400K, used 31226K [0x00000000c0000000, 0x0000000100000000)
  region size 1024K, 0 young (0K), 0 survivors (0K)
 Metaspace       used 49992K, committed 50432K, reserved 1114112K
  class space    used 6471K, committed 6656K, reserved 1048576K
}
Event: 25987.013 GC heap before
{Heap before GC invocations=1159 (full 1108):
 garbage-first heap   total 102400K, used 31226K [0x00000000c0000000, 0x0000000100000000)
  region size 1024K, 1 young (1024K), 0 survivors (0K)
 Metaspace       used 49992K, committed 50432K, reserved 1114112K
  class space    used 6471K, committed 6656K, reserved 1048576K
}
Event: 25987.085 GC heap after
{Heap after GC invocations=1160 (full 1109):
 garbage-first heap   total 102400K, used 31226K [0x00000000c0000000, 0x0000000100000000)
  region size 1024K, 0 young (0K), 0 survivors (0K)
 Metaspace       used 49992K, committed 50432K, reserved 1114112K
  class space    used 6471K, committed 6656K, reserved 1048576K
}
Event: 25997.246 GC heap before
{Heap before GC invocations=1160 (full 1109):
 garbage-first heap   total 102400K, used 31226K [0x00000000c0000000, 0x0000000100000000)
  region size 1024K, 1 young (1024K), 0 survivors (0K)
 Metaspace       used 49992K, committed 50432K, reserved 1114112K
  class space    used 6471K, committed 6656K, reserved 1048576K
}
Event: 25997.313 GC heap after
{Heap after GC invocations=1161 (full 1110):
 garbage-first heap   total 102400K, used 31226K [0x00000000c0000000, 0x0000000100000000)
  region size 1024K, 0 young (0K), 0 survivors (0K)
 Metaspace       used 49992K, committed 50432K, reserved 1114112K
  class space    used 6471K, committed 6656K, reserved 1048576K
}
Event: 26007.452 GC heap before
{Heap before GC invocations=1161 (full 1110):
 garbage-first heap   total 102400K, used 31226K [0x00000000c0000000, 0x0000000100000000)
  region size 1024K, 1 young (1024K), 0 survivors (0K)
 Metaspace       used 49992K, committed 50432K, reserved 1114112K
  class space    used 6471K, committed 6656K, reserved 1048576K
}
Event: 26007.525 GC heap after
{Heap after GC invocations=1162 (full 1111):
 garbage-first heap   total 102400K, used 31226K [0x00000000c0000000, 0x0000000100000000)
  region size 1024K, 0 young (0K), 0 survivors (0K)
 Metaspace       used 49992K, committed 50432K, reserved 1114112K
  class space    used 6471K, committed 6656K, reserved 1048576K
}

