# JRE version: Java(TM) SE Runtime Environment (17.0.9+11) (build 17.0.9+11-LTS-201)
# Java VM: Java HotSpot(TM) 64-Bit Server VM (17.0.9+11-LTS-201, mixed mode, emulated-client, sharing, tiered, compressed oops, compressed class ptrs, g1 gc, windows-amd64)
GC Precious Log:
 CPUs: 4 total, 4 available
 Memory: 8108M
 Large Page Support: Disabled
 NUMA Support: Disabled
 Compressed Oops: Enabled (32-bit)
 Heap Region Size: 1M
 Heap Min Capacity: 8M
 Heap Initial Capacity: 128M
 Heap Max Capacity: 1G
 Pre-touch: Disabled
 Parallel Workers: 4
 Concurrent Workers: 1
 Concurrent Refinement Workers: 4
 Periodic GC: Disabled
Heap:
 garbage-first heap   total 66560K, used 26593K [0x00000000c0000000, 0x0000000100000000)
  region size 1024K, 1 young (1024K), 0 survivors (0K)
 Metaspace       used 48063K, committed 48512K, reserved 1114112K
  class space    used 6210K, committed 6400K, reserved 1048576K
GC Heap History (20 events):
Event: 2763.533 GC heap before
{Heap before GC invocations=274 (full 250):
 garbage-first heap   total 66560K, used 26592K [0x00000000c0000000, 0x0000000100000000)
  region size 1024K, 1 young (1024K), 0 survivors (0K)
 Metaspace       used 48063K, committed 48512K, reserved 1114112K
  class space    used 6210K, committed 6400K, reserved 1048576K
}
Event: 2763.570 GC heap after
{Heap after GC invocations=275 (full 251):
 garbage-first heap   total 66560K, used 26592K [0x00000000c0000000, 0x0000000100000000)
  region size 1024K, 0 young (0K), 0 survivors (0K)
 Metaspace       used 48063K, committed 48512K, reserved 1114112K
  class space    used 6210K, committed 6400K, reserved 1048576K
}
Event: 2773.733 GC heap before
{Heap before GC invocations=275 (full 251):
 garbage-first heap   total 66560K, used 26592K [0x00000000c0000000, 0x0000000100000000)
  region size 1024K, 1 young (1024K), 0 survivors (0K)
 Metaspace       used 48063K, committed 48512K, reserved 1114112K
  class space    used 6210K, committed 6400K, reserved 1048576K
}
Event: 2773.769 GC heap after
{Heap after GC invocations=276 (full 252):
 garbage-first heap   total 66560K, used 26592K [0x00000000c0000000, 0x0000000100000000)
  region size 1024K, 0 young (0K), 0 survivors (0K)
 Metaspace       used 48063K, committed 48512K, reserved 1114112K
  class space    used 6210K, committed 6400K, reserved 1048576K
}
Event: 2783.917 GC heap before
{Heap before GC invocations=276 (full 252):
 garbage-first heap   total 66560K, used 26592K [0x00000000c0000000, 0x0000000100000000)
  region size 1024K, 1 young (1024K), 0 survivors (0K)
 Metaspace       used 48063K, committed 48512K, reserved 1114112K
  class space    used 6210K, committed 6400K, reserved 1048576K
}
Event: 2783.955 GC heap after
{Heap after GC invocations=277 (full 253):
 garbage-first heap   total 66560K, used 26592K [0x00000000c0000000, 0x0000000100000000)
  region size 1024K, 0 young (0K), 0 survivors (0K)
 Metaspace       used 48063K, committed 48512K, reserved 1114112K
  class space    used 6210K, committed 6400K, reserved 1048576K
}
Event: 2794.103 GC heap before
{Heap before GC invocations=277 (full 253):
 garbage-first heap   total 66560K, used 26592K [0x00000000c0000000, 0x0000000100000000)
  region size 1024K, 1 young (1024K), 0 survivors (0K)
 Metaspace       used 48063K, committed 48512K, reserved 1114112K
  class space    used 6210K, committed 6400K, reserved 1048576K
}
Event: 2794.139 GC heap after
{Heap after GC invocations=278 (full 254):
 garbage-first heap   total 66560K, used 26592K [0x00000000c0000000, 0x0000000100000000)
  region size 1024K, 0 young (0K), 0 survivors (0K)
 Metaspace       used 48063K, committed 48512K, reserved 1114112K
  class space    used 6210K, committed 6400K, reserved 1048576K
}
Event: 2804.280 GC heap before
{Heap before GC invocations=278 (full 254):
 garbage-first heap   total 66560K, used 26592K [0x00000000c0000000, 0x0000000100000000)
  region size 1024K, 1 young (1024K), 0 survivors (0K)
 Metaspace       used 48063K, committed 48512K, reserved 1114112K
  class space    used 6210K, committed 6400K, reserved 1048576K
}
Event: 2804.315 GC heap after
{Heap after GC invocations=279 (full 255):
 garbage-first heap   total 66560K, used 26592K [0x00000000c0000000, 0x0000000100000000)
  region size 1024K, 0 young (0K), 0 survivors (0K)
 Metaspace       used 48063K, committed 48512K, reserved 1114112K
  class space    used 6210K, committed 6400K, reserved 1048576K
}
Event: 2814.485 GC heap before
{Heap before GC invocations=279 (full 255):
 garbage-first heap   total 66560K, used 26592K [0x00000000c0000000, 0x0000000100000000)
  region size 1024K, 1 young (1024K), 0 survivors (0K)
 Metaspace       used 48063K, committed 48512K, reserved 1114112K
  class space    used 6210K, committed 6400K, reserved 1048576K
}
Event: 2814.531 GC heap after
{Heap after GC invocations=280 (full 256):
 garbage-first heap   total 66560K, used 26593K [0x00000000c0000000, 0x0000000100000000)
  region size 1024K, 0 young (0K), 0 survivors (0K)
 Metaspace       used 48063K, committed 48512K, reserved 1114112K
  class space    used 6210K, committed 6400K, reserved 1048576K
}
Event: 2824.667 GC heap before
{Heap before GC invocations=280 (full 256):
 garbage-first heap   total 66560K, used 26593K [0x00000000c0000000, 0x0000000100000000)
  region size 1024K, 1 young (1024K), 0 survivors (0K)
 Metaspace       used 48063K, committed 48512K, reserved 1114112K
  class space    used 6210K, committed 6400K, reserved 1048576K
}
Event: 2824.710 GC heap after
{Heap after GC invocations=281 (full 257):
 garbage-first heap   total 66560K, used 26593K [0x00000000c0000000, 0x0000000100000000)
  region size 1024K, 0 young (0K), 0 survivors (0K)
 Metaspace       used 48063K, committed 48512K, reserved 1114112K
  class space    used 6210K, committed 6400K, reserved 1048576K
}
Event: 2834.838 GC heap before
{Heap before GC invocations=281 (full 257):
 garbage-first heap   total 66560K, used 26593K [0x00000000c0000000, 0x0000000100000000)
  region size 1024K, 1 young (1024K), 0 survivors (0K)
 Metaspace       used 48063K, committed 48512K, reserved 1114112K
  class space    used 6210K, committed 6400K, reserved 1048576K
}
Event: 2834.877 GC heap after
{Heap after GC invocations=282 (full 258):
 garbage-first heap   total 66560K, used 26593K [0x00000000c0000000, 0x0000000100000000)
  region size 1024K, 0 young (0K), 0 survivors (0K)
 Metaspace       used 48063K, committed 48512K, reserved 1114112K
  class space    used 6210K, committed 6400K, reserved 1048576K
}
Event: 2845.046 GC heap before
{Heap before GC invocations=282 (full 258):
 garbage-first heap   total 66560K, used 26593K [0x00000000c0000000, 0x0000000100000000)
  region size 1024K, 1 young (1024K), 0 survivors (0K)
 Metaspace       used 48063K, committed 48512K, reserved 1114112K
  class space    used 6210K, committed 6400K, reserved 1048576K
}
Event: 2845.093 GC heap after
{Heap after GC invocations=283 (full 259):
 garbage-first heap   total 66560K, used 26593K [0x00000000c0000000, 0x0000000100000000)
  region size 1024K, 0 young (0K), 0 survivors (0K)
 Metaspace       used 48063K, committed 48512K, reserved 1114112K
  class space    used 6210K, committed 6400K, reserved 1048576K
}
Event: 2855.223 GC heap before
{Heap before GC invocations=283 (full 259):
 garbage-first heap   total 66560K, used 26593K [0x00000000c0000000, 0x0000000100000000)
  region size 1024K, 1 young (1024K), 0 survivors (0K)
 Metaspace       used 48063K, committed 48512K, reserved 1114112K
  class space    used 6210K, committed 6400K, reserved 1048576K
}
Event: 2855.259 GC heap after
{Heap after GC invocations=284 (full 260):
 garbage-first heap   total 66560K, used 26593K [0x00000000c0000000, 0x0000000100000000)
  region size 1024K, 0 young (0K), 0 survivors (0K)
 Metaspace       used 48063K, committed 48512K, reserved 1114112K
  class space    used 6210K, committed 6400K, reserved 1048576K
}

