# JRE version: Java(TM) SE Runtime Environment (17.0.9+11) (build 17.0.9+11-LTS-201)
# Java VM: Java HotSpot(TM) 64-Bit Server VM (17.0.9+11-LTS-201, mixed mode, emulated-client, sharing, tiered, compressed oops, compressed class ptrs, g1 gc, windows-amd64)
GC Precious Log:
 CPUs: 4 total, 4 available
 Memory: 8108M
 Large Page Support: Disabled
 NUMA Support: Disabled
 Compressed Oops: Enabled (32-bit)
 Heap Region Size: 1M
 Heap Min Capacity: 8M
 Heap Initial Capacity: 128M
 Heap Max Capacity: 1G
 Pre-touch: Disabled
 Parallel Workers: 4
 Concurrent Workers: 1
 Concurrent Refinement Workers: 4
 Periodic GC: Disabled
Heap:
 garbage-first heap   total 106496K, used 31009K [0x00000000c0000000, 0x0000000100000000)
  region size 1024K, 1 young (1024K), 0 survivors (0K)
 Metaspace       used 49738K, committed 50240K, reserved 1114112K
  class space    used 6475K, committed 6720K, reserved 1048576K
GC Heap History (20 events):
Event: 2098.771 GC heap before
{Heap before GC invocations=194 (full 100):
 garbage-first heap   total 106496K, used 31009K [0x00000000c0000000, 0x0000000100000000)
  region size 1024K, 1 young (1024K), 0 survivors (0K)
 Metaspace       used 49738K, committed 50240K, reserved 1114112K
  class space    used 6475K, committed 6720K, reserved 1048576K
}
Event: 2098.807 GC heap after
{Heap after GC invocations=195 (full 101):
 garbage-first heap   total 106496K, used 31009K [0x00000000c0000000, 0x0000000100000000)
  region size 1024K, 0 young (0K), 0 survivors (0K)
 Metaspace       used 49738K, committed 50240K, reserved 1114112K
  class space    used 6475K, committed 6720K, reserved 1048576K
}
Event: 2108.964 GC heap before
{Heap before GC invocations=195 (full 101):
 garbage-first heap   total 106496K, used 31009K [0x00000000c0000000, 0x0000000100000000)
  region size 1024K, 1 young (1024K), 0 survivors (0K)
 Metaspace       used 49738K, committed 50240K, reserved 1114112K
  class space    used 6475K, committed 6720K, reserved 1048576K
}
Event: 2109.008 GC heap after
{Heap after GC invocations=196 (full 102):
 garbage-first heap   total 106496K, used 31009K [0x00000000c0000000, 0x0000000100000000)
  region size 1024K, 0 young (0K), 0 survivors (0K)
 Metaspace       used 49738K, committed 50240K, reserved 1114112K
  class space    used 6475K, committed 6720K, reserved 1048576K
}
Event: 2119.184 GC heap before
{Heap before GC invocations=196 (full 102):
 garbage-first heap   total 106496K, used 31009K [0x00000000c0000000, 0x0000000100000000)
  region size 1024K, 1 young (1024K), 0 survivors (0K)
 Metaspace       used 49738K, committed 50240K, reserved 1114112K
  class space    used 6475K, committed 6720K, reserved 1048576K
}
Event: 2119.226 GC heap after
{Heap after GC invocations=197 (full 103):
 garbage-first heap   total 106496K, used 31009K [0x00000000c0000000, 0x0000000100000000)
  region size 1024K, 0 young (0K), 0 survivors (0K)
 Metaspace       used 49738K, committed 50240K, reserved 1114112K
  class space    used 6475K, committed 6720K, reserved 1048576K
}
Event: 2129.397 GC heap before
{Heap before GC invocations=197 (full 103):
 garbage-first heap   total 106496K, used 31009K [0x00000000c0000000, 0x0000000100000000)
  region size 1024K, 1 young (1024K), 0 survivors (0K)
 Metaspace       used 49738K, committed 50240K, reserved 1114112K
  class space    used 6475K, committed 6720K, reserved 1048576K
}
Event: 2129.438 GC heap after
{Heap after GC invocations=198 (full 104):
 garbage-first heap   total 106496K, used 31009K [0x00000000c0000000, 0x0000000100000000)
  region size 1024K, 0 young (0K), 0 survivors (0K)
 Metaspace       used 49738K, committed 50240K, reserved 1114112K
  class space    used 6475K, committed 6720K, reserved 1048576K
}
Event: 2139.603 GC heap before
{Heap before GC invocations=198 (full 104):
 garbage-first heap   total 106496K, used 31009K [0x00000000c0000000, 0x0000000100000000)
  region size 1024K, 1 young (1024K), 0 survivors (0K)
 Metaspace       used 49738K, committed 50240K, reserved 1114112K
  class space    used 6475K, committed 6720K, reserved 1048576K
}
Event: 2139.646 GC heap after
{Heap after GC invocations=199 (full 105):
 garbage-first heap   total 106496K, used 31009K [0x00000000c0000000, 0x0000000100000000)
  region size 1024K, 0 young (0K), 0 survivors (0K)
 Metaspace       used 49738K, committed 50240K, reserved 1114112K
  class space    used 6475K, committed 6720K, reserved 1048576K
}
Event: 2149.777 GC heap before
{Heap before GC invocations=199 (full 105):
 garbage-first heap   total 106496K, used 31009K [0x00000000c0000000, 0x0000000100000000)
  region size 1024K, 1 young (1024K), 0 survivors (0K)
 Metaspace       used 49738K, committed 50240K, reserved 1114112K
  class space    used 6475K, committed 6720K, reserved 1048576K
}
Event: 2149.824 GC heap after
{Heap after GC invocations=200 (full 106):
 garbage-first heap   total 106496K, used 31009K [0x00000000c0000000, 0x0000000100000000)
  region size 1024K, 0 young (0K), 0 survivors (0K)
 Metaspace       used 49738K, committed 50240K, reserved 1114112K
  class space    used 6475K, committed 6720K, reserved 1048576K
}
Event: 2159.956 GC heap before
{Heap before GC invocations=200 (full 106):
 garbage-first heap   total 106496K, used 31009K [0x00000000c0000000, 0x0000000100000000)
  region size 1024K, 1 young (1024K), 0 survivors (0K)
 Metaspace       used 49738K, committed 50240K, reserved 1114112K
  class space    used 6475K, committed 6720K, reserved 1048576K
}
Event: 2159.998 GC heap after
{Heap after GC invocations=201 (full 107):
 garbage-first heap   total 106496K, used 31009K [0x00000000c0000000, 0x0000000100000000)
  region size 1024K, 0 young (0K), 0 survivors (0K)
 Metaspace       used 49738K, committed 50240K, reserved 1114112K
  class space    used 6475K, committed 6720K, reserved 1048576K
}
Event: 2170.715 GC heap before
{Heap before GC invocations=201 (full 107):
 garbage-first heap   total 106496K, used 31009K [0x00000000c0000000, 0x0000000100000000)
  region size 1024K, 1 young (1024K), 0 survivors (0K)
 Metaspace       used 49738K, committed 50240K, reserved 1114112K
  class space    used 6475K, committed 6720K, reserved 1048576K
}
Event: 2170.773 GC heap after
{Heap after GC invocations=202 (full 108):
 garbage-first heap   total 106496K, used 31009K [0x00000000c0000000, 0x0000000100000000)
  region size 1024K, 0 young (0K), 0 survivors (0K)
 Metaspace       used 49738K, committed 50240K, reserved 1114112K
  class space    used 6475K, committed 6720K, reserved 1048576K
}
Event: 2180.942 GC heap before
{Heap before GC invocations=202 (full 108):
 garbage-first heap   total 106496K, used 31009K [0x00000000c0000000, 0x0000000100000000)
  region size 1024K, 1 young (1024K), 0 survivors (0K)
 Metaspace       used 49738K, committed 50240K, reserved 1114112K
  class space    used 6475K, committed 6720K, reserved 1048576K
}
Event: 2180.982 GC heap after
{Heap after GC invocations=203 (full 109):
 garbage-first heap   total 106496K, used 31009K [0x00000000c0000000, 0x0000000100000000)
  region size 1024K, 0 young (0K), 0 survivors (0K)
 Metaspace       used 49738K, committed 50240K, reserved 1114112K
  class space    used 6475K, committed 6720K, reserved 1048576K
}
Event: 2191.140 GC heap before
{Heap before GC invocations=203 (full 109):
 garbage-first heap   total 106496K, used 31009K [0x00000000c0000000, 0x0000000100000000)
  region size 1024K, 1 young (1024K), 0 survivors (0K)
 Metaspace       used 49738K, committed 50240K, reserved 1114112K
  class space    used 6475K, committed 6720K, reserved 1048576K
}
Event: 2191.187 GC heap after
{Heap after GC invocations=204 (full 110):
 garbage-first heap   total 106496K, used 31009K [0x00000000c0000000, 0x0000000100000000)
  region size 1024K, 0 young (0K), 0 survivors (0K)
 Metaspace       used 49738K, committed 50240K, reserved 1114112K
  class space    used 6475K, committed 6720K, reserved 1048576K
}

